<?xml version="1.0" encoding="UTF-8"?>
<!-- Generated by org.testng.reporters.JUnitReportReporter -->
<testsuite hostname="IFOCUS-LT85" failures="0" tests="10" name="com.testserver.testRunner.Sanity.SanitySuiteTestRunnerRW" time="750.179" errors="2" timestamp="2025-02-18T15:25:18 IST" skipped="0">
  <testcase classname="com.testserver.testRunner.Sanity.SanitySuiteTestRunnerRW" name="runScenario" time="14.925"/>
  <system-out/>
  <testcase classname="com.testserver.testRunner.Sanity.SanitySuiteTestRunnerRW" name="runScenario" time="17.752"/>
  <system-out/>
  <testcase classname="com.testserver.testRunner.Sanity.SanitySuiteTestRunnerRW" name="runScenario" time="510.063"/>
  <system-out/>
  <testcase classname="com.testserver.testRunner.Sanity.SanitySuiteTestRunnerRW" name="runScenario" time="18.128"/>
  <system-out/>
  <testcase classname="com.testserver.testRunner.Sanity.SanitySuiteTestRunnerRW" name="runScenario" time="46.897">
    <error message="Expected condition failed: waiting for url to be &quot;https://qa.testserv.ai/Company/ManageCompanies&quot;. Current url: &quot;https://qa.testserv.ai/Company/CreateCompanyNew&quot; (tried for 10 second(s) with 500 milliseconds interval)
Build info: version: &#039;4.15.0&#039;, revision: &#039;1d14b5521b&#039;
System info: os.name: &#039;Windows 11&#039;, os.arch: &#039;amd64&#039;, os.version: &#039;10.0&#039;, java.version: &#039;11.0.22&#039;
Driver info: org.openqa.selenium.chrome.ChromeDriver
Capabilities {acceptInsecureCerts: false, browserName: chrome, browserVersion: 133.0.6943.54, chrome: {chromedriverVersion: 133.0.6943.98 (da53563ceb66..., userDataDir: C:\Users\iFocus\AppData\Loc...}, fedcm:accounts: true, goog:chromeOptions: {debuggerAddress: localhost:49647}, networkConnectionEnabled: false, pageLoadStrategy: normal, platformName: windows, proxy: Proxy(), se:cdp: ws://localhost:49647/devtoo..., se:cdpVersion: 133.0.6943.54, setWindowRect: true, strictFileInteractability: false, timeouts: {implicit: 0, pageLoad: 300000, script: 30000}, unhandledPromptBehavior: dismiss and notify, webauthn:extension:credBlob: true, webauthn:extension:largeBlob: true, webauthn:extension:minPinLength: true, webauthn:extension:prf: true, webauthn:virtualAuthenticators: true}
Session ID: c7eb2fa500fc3a4412d15f2dd56eae76" type="org.openqa.selenium.TimeoutException">
      <![CDATA[org.openqa.selenium.TimeoutException: Expected condition failed: waiting for url to be "https://qa.testserv.ai/Company/ManageCompanies". Current url: "https://qa.testserv.ai/Company/CreateCompanyNew" (tried for 10 second(s) with 500 milliseconds interval)
Build info: version: '4.15.0', revision: '1d14b5521b'
System info: os.name: 'Windows 11', os.arch: 'amd64', os.version: '10.0', java.version: '11.0.22'
Driver info: org.openqa.selenium.chrome.ChromeDriver
Capabilities {acceptInsecureCerts: false, browserName: chrome, browserVersion: 133.0.6943.54, chrome: {chromedriverVersion: 133.0.6943.98 (da53563ceb66..., userDataDir: C:\Users\iFocus\AppData\Loc...}, fedcm:accounts: true, goog:chromeOptions: {debuggerAddress: localhost:49647}, networkConnectionEnabled: false, pageLoadStrategy: normal, platformName: windows, proxy: Proxy(), se:cdp: ws://localhost:49647/devtoo..., se:cdpVersion: 133.0.6943.54, setWindowRect: true, strictFileInteractability: false, timeouts: {implicit: 0, pageLoad: 300000, script: 30000}, unhandledPromptBehavior: dismiss and notify, webauthn:extension:credBlob: true, webauthn:extension:largeBlob: true, webauthn:extension:minPinLength: true, webauthn:extension:prf: true, webauthn:virtualAuthenticators: true}
Session ID: c7eb2fa500fc3a4412d15f2dd56eae76
at org.openqa.selenium.support.ui.WebDriverWait.timeoutException(WebDriverWait.java:84)
at org.openqa.selenium.support.ui.FluentWait.until(FluentWait.java:229)
at com.testserve.sanity.stepDefination.CompanyStep.click_on_the_create_button_and_click_on_information_icon(CompanyStep.java:337)
at ✽.Click on the create button and click on information icon(file:///C:/Users/iFocus/eclipse-workspace/Testserv_automation/src/test/resources/featurefile/Company.feature:14)
]]>
    </error>
  </testcase> <!-- runScenario -->
  <system-out/>
  <testcase classname="com.testserver.testRunner.Sanity.SanitySuiteTestRunnerRW" name="runScenario" time="29.943"/>
  <system-out/>
  <testcase classname="com.testserver.testRunner.Sanity.SanitySuiteTestRunnerRW" name="runScenario" time="22.463"/>
  <system-out/>
  <testcase classname="com.testserver.testRunner.Sanity.SanitySuiteTestRunnerRW" name="runScenario" time="16.459"/>
  <system-out/>
  <testcase classname="com.testserver.testRunner.Sanity.SanitySuiteTestRunnerRW" name="runScenario" time="19.926"/>
  <system-out/>
  <testcase classname="com.testserver.testRunner.Sanity.SanitySuiteTestRunnerRW" name="runScenario" time="53.623">
    <error message="javascript error: Cannot set properties of null (setting &#039;value&#039;)
  (Session info: chrome=133.0.6943.54)
Build info: version: &#039;4.15.0&#039;, revision: &#039;1d14b5521b&#039;
System info: os.name: &#039;Windows 11&#039;, os.arch: &#039;amd64&#039;, os.version: &#039;10.0&#039;, java.version: &#039;11.0.22&#039;
Driver info: org.openqa.selenium.chrome.ChromeDriver
Command: [f793922db2004d3ffd4a67588a182bf9, executeScript {script=document.querySelector(&#039;input[name=&quot;username&quot;]&#039;).value = &#039;abc&#039;;, args=[]}]
Capabilities {acceptInsecureCerts: false, browserName: chrome, browserVersion: 133.0.6943.54, chrome: {chromedriverVersion: 133.0.6943.98 (da53563ceb66..., userDataDir: C:\Users\iFocus\AppData\Loc...}, fedcm:accounts: true, goog:chromeOptions: {debuggerAddress: localhost:49571}, networkConnectionEnabled: false, pageLoadStrategy: normal, platformName: windows, proxy: Proxy(), se:cdp: ws://localhost:49571/devtoo..., se:cdpVersion: 133.0.6943.54, setWindowRect: true, strictFileInteractability: false, timeouts: {implicit: 0, pageLoad: 300000, script: 30000}, unhandledPromptBehavior: dismiss and notify, webauthn:extension:credBlob: true, webauthn:extension:largeBlob: true, webauthn:extension:minPinLength: true, webauthn:extension:prf: true, webauthn:virtualAuthenticators: true}
Session ID: f793922db2004d3ffd4a67588a182bf9" type="org.openqa.selenium.JavascriptException">
      <![CDATA[org.openqa.selenium.JavascriptException: javascript error: Cannot set properties of null (setting 'value')
  (Session info: chrome=133.0.6943.54)
Build info: version: '4.15.0', revision: '1d14b5521b'
System info: os.name: 'Windows 11', os.arch: 'amd64', os.version: '10.0', java.version: '11.0.22'
Driver info: org.openqa.selenium.chrome.ChromeDriver
Command: [f793922db2004d3ffd4a67588a182bf9, executeScript {script=document.querySelector('input[name="username"]').value = 'abc';, args=[]}]
Capabilities {acceptInsecureCerts: false, browserName: chrome, browserVersion: 133.0.6943.54, chrome: {chromedriverVersion: 133.0.6943.98 (da53563ceb66..., userDataDir: C:\Users\iFocus\AppData\Loc...}, fedcm:accounts: true, goog:chromeOptions: {debuggerAddress: localhost:49571}, networkConnectionEnabled: false, pageLoadStrategy: normal, platformName: windows, proxy: Proxy(), se:cdp: ws://localhost:49571/devtoo..., se:cdpVersion: 133.0.6943.54, setWindowRect: true, strictFileInteractability: false, timeouts: {implicit: 0, pageLoad: 300000, script: 30000}, unhandledPromptBehavior: dismiss and notify, webauthn:extension:credBlob: true, webauthn:extension:largeBlob: true, webauthn:extension:minPinLength: true, webauthn:extension:prf: true, webauthn:virtualAuthenticators: true}
Session ID: f793922db2004d3ffd4a67588a182bf9
at java.base/jdk.internal.reflect.NativeConstructorAccessorImpl.newInstance0(Native Method)
at java.base/jdk.internal.reflect.NativeConstructorAccessorImpl.newInstance(NativeConstructorAccessorImpl.java:62)
at java.base/jdk.internal.reflect.DelegatingConstructorAccessorImpl.newInstance(DelegatingConstructorAccessorImpl.java:45)
at java.base/java.lang.reflect.Constructor.newInstance(Constructor.java:490)
at org.openqa.selenium.remote.codec.w3c.W3CHttpResponseCodec.createException(W3CHttpResponseCodec.java:200)
at org.openqa.selenium.remote.codec.w3c.W3CHttpResponseCodec.decode(W3CHttpResponseCodec.java:133)
at org.openqa.selenium.remote.codec.w3c.W3CHttpResponseCodec.decode(W3CHttpResponseCodec.java:52)
at org.openqa.selenium.remote.HttpCommandExecutor.execute(HttpCommandExecutor.java:191)
at org.openqa.selenium.remote.service.DriverCommandExecutor.invokeExecute(DriverCommandExecutor.java:200)
at org.openqa.selenium.remote.service.DriverCommandExecutor.execute(DriverCommandExecutor.java:175)
at org.openqa.selenium.remote.RemoteWebDriver.execute(RemoteWebDriver.java:607)
at org.openqa.selenium.remote.RemoteWebDriver.executeScript(RemoteWebDriver.java:472)
at com.testserve.sanity.stepDefination.APIEnvironmentStepdefination.click_on_ellipse_the_option_is_displayed_and_click_genarte_button(APIEnvironmentStepdefination.java:346)
at ✽.Click on ellipse the option is displayed and click genarte button(file:///C:/Users/iFocus/eclipse-workspace/Testserv_automation/src/test/resources/featurefile/APItesting.feature:13)
]]>
    </error>
  </testcase> <!-- runScenario -->
  <system-out/>
</testsuite> <!-- com.testserver.testRunner.Sanity.SanitySuiteTestRunnerRW -->
